Build started 24/04/2016 03:13:52.
     1>Project "C:\Users\Mr. Pudim\Desktop\CG_TP2_Rep\Paisana_Fish_Rape\Paisana_Fish_Rape\Paisana_Fish_Rape.vcxproj" on node 2 (Build target(s)).
     1>ClCompile:
         C:\Program Files (x86)\Microsoft Visual Studio 12.0\VC\bin\CL.exe /c /ZI /nologo /W3 /WX- /sdl /Od /Oy- /D _MBCS /D _MBCS /D _CRT_SECURE_NO_WARNINGS /Gm /EHsc /RTC1 /MDd /GS /fp:precise /Zc:wchar_t /Zc:forScope /Fo"Debug\\" /Fd"Debug\vc120.pdb" /Gd /TP /analyze- /errorReport:prompt Source.cpp
         Source.cpp
     1>c:\users\mr. pudim\desktop\cg_tp2_rep\paisana_fish_rape\paisana_fish_rape\source.cpp(217): error C2664: 'std::_Vector_iterator<std::_Vector_val<std::_Simple_types<AquaElem>>> std::vector<AquaElem,std::allocator<_Ty>>::erase(std::_Vector_const_iterator<std::_Vector_val<std::_Simple_types<AquaElem>>>,std::_Vector_const_iterator<std::_Vector_val<std::_Simple_types<AquaElem>>>)' : cannot convert argument 1 from 'int' to 'std::_Vector_const_iterator<std::_Vector_val<std::_Simple_types<AquaElem>>>'
                 with
                 [
                     _Ty=AquaElem
                 ]
                 No constructor could take the source type, or constructor overload resolution was ambiguous
     1>Done Building Project "C:\Users\Mr. Pudim\Desktop\CG_TP2_Rep\Paisana_Fish_Rape\Paisana_Fish_Rape\Paisana_Fish_Rape.vcxproj" (Build target(s)) -- FAILED.

Build FAILED.

Time Elapsed 00:00:00.56
